11/11/2017 1:30:32 PM Parsing template: "E:\Handy Tools\Code Generation\CodeYogi\CGen\bin\Debug\Templates\Srilankan-Payroll\BuildSolution.cst".
11/11/2017 1:30:33 PM Compiling template: "E:\Handy Tools\Code Generation\CodeYogi\CGen\bin\Debug\Templates\Srilankan-Payroll\BuildSolution.cst".
11/11/2017 1:30:33 PM Added reference "E:\Handy Tools\Code Generation\CodeYogi\CGen\bin\Debug\Arebis.CodeGeneration.dll".
11/11/2017 1:30:33 PM Added reference "System.dll".
11/11/2017 1:30:33 PM Added reference "System.Data.dll".
11/11/2017 1:30:33 PM Added reference "E:\Handy Tools\Code Generation\CodeYogi\CGen\bin\Debug\DatabaseCatalogReader.dll".
11/11/2017 1:30:33 PM Compile error CS1002: ; expected
  File "e:\Handy Tools\Code Generation\CodeYogi\CGen\bin\Debug\Templates\Srilankan-Payroll\BuildSolution.cst", line 22
11/11/2017 1:30:58 PM Parsing template: "E:\Handy Tools\Code Generation\CodeYogi\CGen\bin\Debug\Templates\Srilankan-Payroll\BuildSolution.cst".
11/11/2017 1:30:58 PM Compiling template: "E:\Handy Tools\Code Generation\CodeYogi\CGen\bin\Debug\Templates\Srilankan-Payroll\BuildSolution.cst".
11/11/2017 1:30:58 PM Added reference "E:\Handy Tools\Code Generation\CodeYogi\CGen\bin\Debug\Arebis.CodeGeneration.dll".
11/11/2017 1:30:58 PM Added reference "System.dll".
11/11/2017 1:30:58 PM Added reference "System.Data.dll".
11/11/2017 1:30:58 PM Added reference "E:\Handy Tools\Code Generation\CodeYogi\CGen\bin\Debug\DatabaseCatalogReader.dll".
11/11/2017 1:30:59 PM Compile error CS1002: ; expected
  File "e:\Handy Tools\Code Generation\CodeYogi\CGen\bin\Debug\Templates\Srilankan-Payroll\BuildSolution.cst", line 22
11/11/2017 1:32:40 PM Parsing template: "E:\Handy Tools\Code Generation\CodeYogi\CGen\bin\Debug\Templates\Srilankan-Payroll\BuildSolution.cst".
11/11/2017 1:32:40 PM Compiling template: "E:\Handy Tools\Code Generation\CodeYogi\CGen\bin\Debug\Templates\Srilankan-Payroll\BuildSolution.cst".
11/11/2017 1:32:40 PM Added reference "E:\Handy Tools\Code Generation\CodeYogi\CGen\bin\Debug\Arebis.CodeGeneration.dll".
11/11/2017 1:32:40 PM Added reference "System.dll".
11/11/2017 1:32:40 PM Added reference "System.Data.dll".
11/11/2017 1:32:40 PM Added reference "E:\Handy Tools\Code Generation\CodeYogi\CGen\bin\Debug\DatabaseCatalogReader.dll".
11/11/2017 1:32:41 PM Compile error CS1002: ; expected
  File "e:\Handy Tools\Code Generation\CodeYogi\CGen\bin\Debug\Templates\Srilankan-Payroll\BuildSolution.cst", line 22
11/11/2017 1:33:43 PM Parsing template: "E:\Handy Tools\Code Generation\CodeYogi\CGen\bin\Debug\Templates\Srilankan-Payroll\BuildSolution.cst".
11/11/2017 1:33:44 PM Compiling template: "E:\Handy Tools\Code Generation\CodeYogi\CGen\bin\Debug\Templates\Srilankan-Payroll\BuildSolution.cst".
11/11/2017 1:33:44 PM Added reference "E:\Handy Tools\Code Generation\CodeYogi\CGen\bin\Debug\Arebis.CodeGeneration.dll".
11/11/2017 1:33:44 PM Added reference "System.dll".
11/11/2017 1:33:44 PM Added reference "System.Data.dll".
11/11/2017 1:33:44 PM Added reference "E:\Handy Tools\Code Generation\CodeYogi\CGen\bin\Debug\DatabaseCatalogReader.dll".
11/11/2017 1:33:44 PM Compile error CS1002: ; expected
  File "e:\Handy Tools\Code Generation\CodeYogi\CGen\bin\Debug\Templates\Srilankan-Payroll\BuildSolution.cst", line 22
11/11/2017 1:34:23 PM Parsing template: "E:\Handy Tools\Code Generation\CodeYogi\CGen\bin\Debug\Templates\Srilankan-Payroll\BuildSolution.cst".
11/11/2017 1:35:03 PM Compiling template: "E:\Handy Tools\Code Generation\CodeYogi\CGen\bin\Debug\Templates\Srilankan-Payroll\BuildSolution.cst".
11/11/2017 1:35:03 PM Added reference "E:\Handy Tools\Code Generation\CodeYogi\CGen\bin\Debug\Arebis.CodeGeneration.dll".
11/11/2017 1:35:03 PM Added reference "System.dll".
11/11/2017 1:35:03 PM Added reference "System.Data.dll".
11/11/2017 1:35:03 PM Added reference "E:\Handy Tools\Code Generation\CodeYogi\CGen\bin\Debug\DatabaseCatalogReader.dll".
11/11/2017 1:35:03 PM Compile error CS1002: ; expected
  File "e:\Handy Tools\Code Generation\CodeYogi\CGen\bin\Debug\Templates\Srilankan-Payroll\BuildSolution.cst", line 22
11/11/2017 1:35:39 PM Parsing template: "E:\Handy Tools\Code Generation\CodeYogi\CGen\bin\Debug\Templates\Srilankan-Payroll\BuildSolution.cst".
11/11/2017 1:35:39 PM Compiling template: "E:\Handy Tools\Code Generation\CodeYogi\CGen\bin\Debug\Templates\Srilankan-Payroll\BuildSolution.cst".
11/11/2017 1:35:39 PM Added reference "E:\Handy Tools\Code Generation\CodeYogi\CGen\bin\Debug\Arebis.CodeGeneration.dll".
11/11/2017 1:35:39 PM Added reference "System.dll".
11/11/2017 1:35:39 PM Added reference "System.Data.dll".
11/11/2017 1:35:39 PM Added reference "E:\Handy Tools\Code Generation\CodeYogi\CGen\bin\Debug\DatabaseCatalogReader.dll".
11/11/2017 1:35:39 PM Compile error CS1002: ; expected
  File "e:\Handy Tools\Code Generation\CodeYogi\CGen\bin\Debug\Templates\Srilankan-Payroll\BuildSolution.cst", line 22
11/11/2017 1:35:47 PM Parsing template: "E:\Handy Tools\Code Generation\CodeYogi\CGen\bin\Debug\Templates\Srilankan-Payroll\BuildSolution.cst".
11/11/2017 1:35:47 PM Compiling template: "E:\Handy Tools\Code Generation\CodeYogi\CGen\bin\Debug\Templates\Srilankan-Payroll\BuildSolution.cst".
11/11/2017 1:35:47 PM Added reference "E:\Handy Tools\Code Generation\CodeYogi\CGen\bin\Debug\Arebis.CodeGeneration.dll".
11/11/2017 1:35:47 PM Added reference "System.dll".
11/11/2017 1:35:47 PM Added reference "System.Data.dll".
11/11/2017 1:35:47 PM Added reference "E:\Handy Tools\Code Generation\CodeYogi\CGen\bin\Debug\DatabaseCatalogReader.dll".
11/11/2017 1:35:47 PM Compile error CS1002: ; expected
  File "e:\Handy Tools\Code Generation\CodeYogi\CGen\bin\Debug\Templates\Srilankan-Payroll\BuildSolution.cst", line 22
11/11/2017 1:36:28 PM Parsing template: "E:\Handy Tools\Code Generation\CodeYogi\CGen\bin\Debug\Templates\Srilankan-Payroll\BuildSolution.cst".
11/11/2017 1:36:28 PM Compiling template: "E:\Handy Tools\Code Generation\CodeYogi\CGen\bin\Debug\Templates\Srilankan-Payroll\BuildSolution.cst".
11/11/2017 1:36:28 PM Added reference "E:\Handy Tools\Code Generation\CodeYogi\CGen\bin\Debug\Arebis.CodeGeneration.dll".
11/11/2017 1:36:28 PM Added reference "System.dll".
11/11/2017 1:36:28 PM Added reference "System.Data.dll".
11/11/2017 1:36:28 PM Added reference "E:\Handy Tools\Code Generation\CodeYogi\CGen\bin\Debug\DatabaseCatalogReader.dll".
11/11/2017 1:36:29 PM Compile error CS1002: ; expected
  File "e:\Handy Tools\Code Generation\CodeYogi\CGen\bin\Debug\Templates\Srilankan-Payroll\BuildSolution.cst", line 22
11/11/2017 1:36:46 PM Parsing template: "E:\Handy Tools\Code Generation\CodeYogi\CGen\bin\Debug\Templates\Srilankan-Payroll\BuildSolution.cst".
11/11/2017 1:36:46 PM Compiling template: "E:\Handy Tools\Code Generation\CodeYogi\CGen\bin\Debug\Templates\Srilankan-Payroll\BuildSolution.cst".
11/11/2017 1:36:46 PM Added reference "E:\Handy Tools\Code Generation\CodeYogi\CGen\bin\Debug\Arebis.CodeGeneration.dll".
11/11/2017 1:36:46 PM Added reference "System.dll".
11/11/2017 1:36:46 PM Added reference "System.Data.dll".
11/11/2017 1:36:46 PM Added reference "E:\Handy Tools\Code Generation\CodeYogi\CGen\bin\Debug\DatabaseCatalogReader.dll".
11/11/2017 1:36:46 PM Compile error CS1002: ; expected
  File "e:\Handy Tools\Code Generation\CodeYogi\CGen\bin\Debug\Templates\Srilankan-Payroll\BuildSolution.cst", line 22
11/11/2017 1:37:04 PM Parsing template: "E:\Handy Tools\Code Generation\CodeYogi\CGen\bin\Debug\Templates\Srilankan-Payroll\BuildSolution.cst".
11/11/2017 1:38:41 PM Compiling template: "E:\Handy Tools\Code Generation\CodeYogi\CGen\bin\Debug\Templates\Srilankan-Payroll\BuildSolution.cst".
11/11/2017 1:40:54 PM Added reference "E:\Handy Tools\Code Generation\CodeYogi\CGen\bin\Debug\Arebis.CodeGeneration.dll".
11/11/2017 1:40:54 PM Added reference "System.dll".
11/11/2017 1:40:54 PM Added reference "System.Data.dll".
11/11/2017 1:40:54 PM Added reference "E:\Handy Tools\Code Generation\CodeYogi\CGen\bin\Debug\DatabaseCatalogReader.dll".
11/11/2017 1:41:48 PM Compile error CS1002: ; expected
  File "e:\Handy Tools\Code Generation\CodeYogi\CGen\bin\Debug\Templates\Srilankan-Payroll\BuildSolution.cst", line 22
11/11/2017 1:42:37 PM Parsing template: "E:\Handy Tools\Code Generation\CodeYogi\CGen\bin\Debug\Templates\Srilankan-Payroll\BuildSolution.cst".
11/11/2017 1:42:45 PM Compiling template: "E:\Handy Tools\Code Generation\CodeYogi\CGen\bin\Debug\Templates\Srilankan-Payroll\BuildSolution.cst".
11/11/2017 1:42:46 PM Added reference "E:\Handy Tools\Code Generation\CodeYogi\CGen\bin\Debug\Arebis.CodeGeneration.dll".
11/11/2017 1:42:46 PM Added reference "System.dll".
11/11/2017 1:42:46 PM Added reference "System.Data.dll".
11/11/2017 1:42:46 PM Added reference "E:\Handy Tools\Code Generation\CodeYogi\CGen\bin\Debug\DatabaseCatalogReader.dll".
11/11/2017 1:42:48 PM Compile error CS1002: ; expected
  File "e:\Handy Tools\Code Generation\CodeYogi\CGen\bin\Debug\Templates\Srilankan-Payroll\BuildSolution.cst", line 22
11/12/2017 2:14:56 PM Parsing template: "E:\Handy Tools\Code Generation\CodeYogi\CGen\bin\Debug\Templates\Srilankan-Payroll\BuildSolution.cst".
11/12/2017 2:14:56 PM Compiling template: "E:\Handy Tools\Code Generation\CodeYogi\CGen\bin\Debug\Templates\Srilankan-Payroll\BuildSolution.cst".
11/12/2017 2:14:56 PM Added reference "E:\Handy Tools\Code Generation\CodeYogi\CGen\bin\Debug\Arebis.CodeGeneration.dll".
11/12/2017 2:14:56 PM Added reference "System.dll".
11/12/2017 2:14:56 PM Added reference "System.Data.dll".
11/12/2017 2:14:56 PM Added reference "E:\Handy Tools\Code Generation\CodeYogi\CGen\bin\Debug\DatabaseCatalogReader.dll".
11/12/2017 2:14:56 PM Compile error CS1002: ; expected
  File "e:\Handy Tools\Code Generation\CodeYogi\CGen\bin\Debug\Templates\Srilankan-Payroll\BuildSolution.cst", line 22
