05/03/2017 11:26:19 AM Parsing template: "D:\Yogeesha\Handy Tools\Code Generation\CodeYogi\CGen\bin\Debug\Templates\Srilankan-Payroll\Host\Core.Web\Bootstrapper\BuildServices.cst".
05/03/2017 11:26:19 AM Compiling template: "D:\Yogeesha\Handy Tools\Code Generation\CodeYogi\CGen\bin\Debug\Templates\Srilankan-Payroll\Host\Core.Web\Bootstrapper\BuildServices.cst".
05/03/2017 11:26:19 AM Added reference "D:\Yogeesha\Handy Tools\Code Generation\CodeYogi\CGen\bin\Debug\Arebis.CodeGeneration.dll".
05/03/2017 11:26:19 AM Added reference "System.dll".
05/03/2017 11:26:19 AM Added reference "System.Data.dll".
05/03/2017 11:26:19 AM Added reference "D:\Yogeesha\Handy Tools\Code Generation\CodeYogi\CGen\bin\Debug\DatabaseCatalogReader.dll".
05/03/2017 11:26:20 AM Invoking template: "D:\Yogeesha\Handy Tools\Code Generation\CodeYogi\CGen\bin\Debug\Templates\Srilankan-Payroll\Host\Core.Web\Bootstrapper\BuildServices.cst".
05/03/2017 11:26:33 AM Writing file "D:\Yogeesha\Handy Tools\Code Generation\CodeYogi\CGen\bin\Debug\Templates\Srilankan-Payroll\Host\Core.Web\Bootstrapper\Output\Bootstrapper.cs".
11/11/2017 1:11:29 PM Parsing template: "E:\Handy Tools\Code Generation\CodeYogi\CGen\bin\Debug\Templates\Srilankan-Payroll\Host\Core.Web\Bootstrapper\BuildServices.cst".
11/11/2017 1:11:29 PM Compiling template: "E:\Handy Tools\Code Generation\CodeYogi\CGen\bin\Debug\Templates\Srilankan-Payroll\Host\Core.Web\Bootstrapper\BuildServices.cst".
11/11/2017 1:11:29 PM Added reference "E:\Handy Tools\Code Generation\CodeYogi\CGen\bin\Debug\Arebis.CodeGeneration.dll".
11/11/2017 1:11:29 PM Added reference "System.dll".
11/11/2017 1:11:29 PM Added reference "System.Data.dll".
11/11/2017 1:11:29 PM Added reference "E:\Handy Tools\Code Generation\CodeYogi\CGen\bin\Debug\DatabaseCatalogReader.dll".
11/11/2017 1:11:29 PM Invoking template: "E:\Handy Tools\Code Generation\CodeYogi\CGen\bin\Debug\Templates\Srilankan-Payroll\Host\Core.Web\Bootstrapper\BuildServices.cst".
11/11/2017 1:11:32 PM Writing file "E:\Handy Tools\Code Generation\CodeYogi\CGen\bin\Debug\Templates\Srilankan-Payroll\Host\Core.Web\Bootstrapper\Output\Bootstrapper.cs".
11/12/2017 2:15:42 PM Parsing template: "E:\Handy Tools\Code Generation\CodeYogi\CGen\bin\Debug\Templates\Srilankan-Payroll\Host\Core.Web\Bootstrapper\BuildServices.cst".
11/12/2017 2:15:42 PM Compiling template: "E:\Handy Tools\Code Generation\CodeYogi\CGen\bin\Debug\Templates\Srilankan-Payroll\Host\Core.Web\Bootstrapper\BuildServices.cst".
11/12/2017 2:15:42 PM Added reference "E:\Handy Tools\Code Generation\CodeYogi\CGen\bin\Debug\Arebis.CodeGeneration.dll".
11/12/2017 2:15:42 PM Added reference "System.dll".
11/12/2017 2:15:42 PM Added reference "System.Data.dll".
11/12/2017 2:15:42 PM Added reference "E:\Handy Tools\Code Generation\CodeYogi\CGen\bin\Debug\DatabaseCatalogReader.dll".
11/12/2017 2:15:43 PM Invoking template: "E:\Handy Tools\Code Generation\CodeYogi\CGen\bin\Debug\Templates\Srilankan-Payroll\Host\Core.Web\Bootstrapper\BuildServices.cst".
11/12/2017 2:15:45 PM Writing file "E:\Handy Tools\Code Generation\CodeYogi\CGen\bin\Debug\Templates\Srilankan-Payroll\Host\Core.Web\Bootstrapper\Output\Bootstrapper.cs".
