6/4/2017 6:06:02 PM Parsing template: "E:\Handy Tools\Code Generation\CodeYogi\CGen\bin\Debug\Templates\Srilankan-Payroll\DataAccess\StoredProcedures\Procedures.cst".
6/4/2017 6:06:02 PM Compiling template: "E:\Handy Tools\Code Generation\CodeYogi\CGen\bin\Debug\Templates\Srilankan-Payroll\DataAccess\StoredProcedures\Procedures.cst".
6/4/2017 6:06:02 PM Added reference "E:\Handy Tools\Code Generation\CodeYogi\CGen\bin\Debug\Arebis.CodeGeneration.dll".
6/4/2017 6:06:02 PM Added reference "System.dll".
6/4/2017 6:06:02 PM Added reference "System.Data.dll".
6/4/2017 6:06:02 PM Added reference "E:\Handy Tools\Code Generation\CodeYogi\CGen\bin\Debug\DatabaseCatalogReader.dll".
6/4/2017 6:06:03 PM Invoking template: "E:\Handy Tools\Code Generation\CodeYogi\CGen\bin\Debug\Templates\Srilankan-Payroll\DataAccess\StoredProcedures\Procedures.cst".
10/8/2017 4:35:32 PM Parsing template: "E:\Handy Tools\Code Generation\CodeYogi\CGen\bin\Debug\Templates\Srilankan-Payroll\DataAccess\StoredProcedures\Procedures.cst".
10/8/2017 4:35:32 PM Compiling template: "E:\Handy Tools\Code Generation\CodeYogi\CGen\bin\Debug\Templates\Srilankan-Payroll\DataAccess\StoredProcedures\Procedures.cst".
10/8/2017 4:35:32 PM Added reference "E:\Handy Tools\Code Generation\CodeYogi\CGen\bin\Debug\Arebis.CodeGeneration.dll".
10/8/2017 4:35:32 PM Added reference "System.dll".
10/8/2017 4:35:32 PM Added reference "System.Data.dll".
10/8/2017 4:35:32 PM Added reference "E:\Handy Tools\Code Generation\CodeYogi\CGen\bin\Debug\DatabaseCatalogReader.dll".
10/8/2017 4:35:33 PM Invoking template: "E:\Handy Tools\Code Generation\CodeYogi\CGen\bin\Debug\Templates\Srilankan-Payroll\DataAccess\StoredProcedures\Procedures.cst".
10/8/2017 4:38:22 PM Parsing template: "E:\Handy Tools\Code Generation\CodeYogi\CGen\bin\Debug\Templates\Srilankan-Payroll\DataAccess\StoredProcedures\Procedures.cst".
10/8/2017 4:38:22 PM Compiling template: "E:\Handy Tools\Code Generation\CodeYogi\CGen\bin\Debug\Templates\Srilankan-Payroll\DataAccess\StoredProcedures\Procedures.cst".
10/8/2017 4:38:22 PM Added reference "E:\Handy Tools\Code Generation\CodeYogi\CGen\bin\Debug\Arebis.CodeGeneration.dll".
10/8/2017 4:38:22 PM Added reference "System.dll".
10/8/2017 4:38:22 PM Added reference "System.Data.dll".
10/8/2017 4:38:22 PM Added reference "E:\Handy Tools\Code Generation\CodeYogi\CGen\bin\Debug\DatabaseCatalogReader.dll".
10/8/2017 4:38:23 PM Invoking template: "E:\Handy Tools\Code Generation\CodeYogi\CGen\bin\Debug\Templates\Srilankan-Payroll\DataAccess\StoredProcedures\Procedures.cst".
10/8/2017 4:39:40 PM Parsing template: "E:\Handy Tools\Code Generation\CodeYogi\CGen\bin\Debug\Templates\Srilankan-Payroll\DataAccess\StoredProcedures\Procedures.cst".
10/8/2017 4:39:40 PM Compiling template: "E:\Handy Tools\Code Generation\CodeYogi\CGen\bin\Debug\Templates\Srilankan-Payroll\DataAccess\StoredProcedures\Procedures.cst".
10/8/2017 4:39:40 PM Added reference "E:\Handy Tools\Code Generation\CodeYogi\CGen\bin\Debug\Arebis.CodeGeneration.dll".
10/8/2017 4:39:40 PM Added reference "System.dll".
10/8/2017 4:39:40 PM Added reference "System.Data.dll".
10/8/2017 4:39:40 PM Added reference "E:\Handy Tools\Code Generation\CodeYogi\CGen\bin\Debug\DatabaseCatalogReader.dll".
10/8/2017 4:39:41 PM Invoking template: "E:\Handy Tools\Code Generation\CodeYogi\CGen\bin\Debug\Templates\Srilankan-Payroll\DataAccess\StoredProcedures\Procedures.cst".
11/11/2017 1:11:24 PM Parsing template: "E:\Handy Tools\Code Generation\CodeYogi\CGen\bin\Debug\Templates\Srilankan-Payroll\DataAccess\StoredProcedures\Procedures.cst".
11/11/2017 1:11:24 PM Compiling template: "E:\Handy Tools\Code Generation\CodeYogi\CGen\bin\Debug\Templates\Srilankan-Payroll\DataAccess\StoredProcedures\Procedures.cst".
11/11/2017 1:11:24 PM Added reference "E:\Handy Tools\Code Generation\CodeYogi\CGen\bin\Debug\Arebis.CodeGeneration.dll".
11/11/2017 1:11:24 PM Added reference "System.dll".
11/11/2017 1:11:24 PM Added reference "System.Data.dll".
11/11/2017 1:11:24 PM Added reference "E:\Handy Tools\Code Generation\CodeYogi\CGen\bin\Debug\DatabaseCatalogReader.dll".
11/11/2017 1:11:25 PM Invoking template: "E:\Handy Tools\Code Generation\CodeYogi\CGen\bin\Debug\Templates\Srilankan-Payroll\DataAccess\StoredProcedures\Procedures.cst".
11/12/2017 2:15:38 PM Parsing template: "E:\Handy Tools\Code Generation\CodeYogi\CGen\bin\Debug\Templates\Srilankan-Payroll\DataAccess\StoredProcedures\Procedures.cst".
11/12/2017 2:15:39 PM Compiling template: "E:\Handy Tools\Code Generation\CodeYogi\CGen\bin\Debug\Templates\Srilankan-Payroll\DataAccess\StoredProcedures\Procedures.cst".
11/12/2017 2:15:39 PM Added reference "E:\Handy Tools\Code Generation\CodeYogi\CGen\bin\Debug\Arebis.CodeGeneration.dll".
11/12/2017 2:15:39 PM Added reference "System.dll".
11/12/2017 2:15:39 PM Added reference "System.Data.dll".
11/12/2017 2:15:39 PM Added reference "E:\Handy Tools\Code Generation\CodeYogi\CGen\bin\Debug\DatabaseCatalogReader.dll".
11/12/2017 2:15:39 PM Invoking template: "E:\Handy Tools\Code Generation\CodeYogi\CGen\bin\Debug\Templates\Srilankan-Payroll\DataAccess\StoredProcedures\Procedures.cst".
