06/03/2017 4:38:13 PM Parsing template: "D:\Yogeesha\Handy Tools\Code Generation\CodeYogi\CGen\bin\Debug\Templates\Srilankan-Payroll\Host\Core.Web\ViewModel\BuildClasses.cst".
06/03/2017 4:38:13 PM Compiling template: "D:\Yogeesha\Handy Tools\Code Generation\CodeYogi\CGen\bin\Debug\Templates\Srilankan-Payroll\Host\Core.Web\ViewModel\BuildClasses.cst".
06/03/2017 4:38:13 PM Added reference "D:\Yogeesha\Handy Tools\Code Generation\CodeYogi\CGen\bin\Debug\Arebis.CodeGeneration.dll".
06/03/2017 4:38:13 PM Added reference "System.dll".
06/03/2017 4:38:13 PM Added reference "System.Data.dll".
06/03/2017 4:38:13 PM Added reference "D:\Yogeesha\Handy Tools\Code Generation\CodeYogi\CGen\bin\Debug\DatabaseCatalogReader.dll".
06/03/2017 4:38:13 PM Invoking template: "D:\Yogeesha\Handy Tools\Code Generation\CodeYogi\CGen\bin\Debug\Templates\Srilankan-Payroll\Host\Core.Web\ViewModel\BuildClasses.cst".
06/03/2017 4:38:17 PM Parsing template: "D:\Yogeesha\Handy Tools\Code Generation\CodeYogi\CGen\bin\Debug\Templates\Srilankan-Payroll\Host\Core.Web\ViewModel\Class.cst".
06/03/2017 4:38:17 PM Compiling template: "D:\Yogeesha\Handy Tools\Code Generation\CodeYogi\CGen\bin\Debug\Templates\Srilankan-Payroll\Host\Core.Web\ViewModel\Class.cst".
06/03/2017 4:38:17 PM Added reference "D:\Yogeesha\Handy Tools\Code Generation\CodeYogi\CGen\bin\Debug\Arebis.CodeGeneration.dll".
06/03/2017 4:38:17 PM Added reference "System.dll".
06/03/2017 4:38:17 PM Added reference "D:\Yogeesha\Handy Tools\Code Generation\CodeYogi\CGen\bin\Debug\DatabaseCatalogReader.dll".
06/03/2017 4:38:17 PM Added reference "System.core.dll".
06/03/2017 4:38:17 PM Invoking template: "D:\Yogeesha\Handy Tools\Code Generation\CodeYogi\CGen\bin\Debug\Templates\Srilankan-Payroll\Host\Core.Web\ViewModel\Class.cst".
06/03/2017 4:38:18 PM Writing file "D:\Yogeesha\Handy Tools\Code Generation\CodeYogi\CGen\bin\Debug\Templates\Srilankan-Payroll\Host\Core.Web\ViewModel\Output\GstMaster.cs".
06/03/2017 4:45:19 PM Parsing template: "D:\Yogeesha\Handy Tools\Code Generation\CodeYogi\CGen\bin\Debug\Templates\Srilankan-Payroll\Host\Core.Web\ViewModel\BuildClasses.cst".
06/03/2017 4:45:19 PM Compiling template: "D:\Yogeesha\Handy Tools\Code Generation\CodeYogi\CGen\bin\Debug\Templates\Srilankan-Payroll\Host\Core.Web\ViewModel\BuildClasses.cst".
06/03/2017 4:45:19 PM Added reference "D:\Yogeesha\Handy Tools\Code Generation\CodeYogi\CGen\bin\Debug\Arebis.CodeGeneration.dll".
06/03/2017 4:45:19 PM Added reference "System.dll".
06/03/2017 4:45:19 PM Added reference "System.Data.dll".
06/03/2017 4:45:19 PM Added reference "D:\Yogeesha\Handy Tools\Code Generation\CodeYogi\CGen\bin\Debug\DatabaseCatalogReader.dll".
06/03/2017 4:45:19 PM Invoking template: "D:\Yogeesha\Handy Tools\Code Generation\CodeYogi\CGen\bin\Debug\Templates\Srilankan-Payroll\Host\Core.Web\ViewModel\BuildClasses.cst".
06/03/2017 4:45:23 PM Parsing template: "D:\Yogeesha\Handy Tools\Code Generation\CodeYogi\CGen\bin\Debug\Templates\Srilankan-Payroll\Host\Core.Web\ViewModel\Class.cst".
06/03/2017 4:45:23 PM Compiling template: "D:\Yogeesha\Handy Tools\Code Generation\CodeYogi\CGen\bin\Debug\Templates\Srilankan-Payroll\Host\Core.Web\ViewModel\Class.cst".
06/03/2017 4:45:24 PM Added reference "D:\Yogeesha\Handy Tools\Code Generation\CodeYogi\CGen\bin\Debug\Arebis.CodeGeneration.dll".
06/03/2017 4:45:24 PM Added reference "System.dll".
06/03/2017 4:45:24 PM Added reference "D:\Yogeesha\Handy Tools\Code Generation\CodeYogi\CGen\bin\Debug\DatabaseCatalogReader.dll".
06/03/2017 4:45:24 PM Added reference "System.core.dll".
06/03/2017 4:45:24 PM Invoking template: "D:\Yogeesha\Handy Tools\Code Generation\CodeYogi\CGen\bin\Debug\Templates\Srilankan-Payroll\Host\Core.Web\ViewModel\Class.cst".
06/03/2017 4:45:24 PM Writing file "D:\Yogeesha\Handy Tools\Code Generation\CodeYogi\CGen\bin\Debug\Templates\Srilankan-Payroll\Host\Core.Web\ViewModel\Output\GstMaster.cs".
06/03/2017 5:11:36 PM Parsing template: "D:\Yogeesha\Handy Tools\Code Generation\CodeYogi\CGen\bin\Debug\Templates\Srilankan-Payroll\Host\Core.Web\ViewModel\BuildClasses.cst".
06/03/2017 5:11:36 PM Compiling template: "D:\Yogeesha\Handy Tools\Code Generation\CodeYogi\CGen\bin\Debug\Templates\Srilankan-Payroll\Host\Core.Web\ViewModel\BuildClasses.cst".
06/03/2017 5:11:36 PM Added reference "D:\Yogeesha\Handy Tools\Code Generation\CodeYogi\CGen\bin\Debug\Arebis.CodeGeneration.dll".
06/03/2017 5:11:36 PM Added reference "System.dll".
06/03/2017 5:11:36 PM Added reference "System.Data.dll".
06/03/2017 5:11:36 PM Added reference "D:\Yogeesha\Handy Tools\Code Generation\CodeYogi\CGen\bin\Debug\DatabaseCatalogReader.dll".
06/03/2017 5:11:37 PM Invoking template: "D:\Yogeesha\Handy Tools\Code Generation\CodeYogi\CGen\bin\Debug\Templates\Srilankan-Payroll\Host\Core.Web\ViewModel\BuildClasses.cst".
06/03/2017 5:33:04 PM Parsing template: "D:\Yogeesha\Handy Tools\Code Generation\CodeYogi\CGen\bin\Debug\Templates\Srilankan-Payroll\Host\Core.Web\ViewModel\BuildClasses.cst".
06/03/2017 5:33:04 PM Compiling template: "D:\Yogeesha\Handy Tools\Code Generation\CodeYogi\CGen\bin\Debug\Templates\Srilankan-Payroll\Host\Core.Web\ViewModel\BuildClasses.cst".
06/03/2017 5:33:04 PM Added reference "D:\Yogeesha\Handy Tools\Code Generation\CodeYogi\CGen\bin\Debug\Arebis.CodeGeneration.dll".
06/03/2017 5:33:04 PM Added reference "System.dll".
06/03/2017 5:33:04 PM Added reference "System.Data.dll".
06/03/2017 5:33:04 PM Added reference "D:\Yogeesha\Handy Tools\Code Generation\CodeYogi\CGen\bin\Debug\DatabaseCatalogReader.dll".
06/03/2017 5:33:05 PM Invoking template: "D:\Yogeesha\Handy Tools\Code Generation\CodeYogi\CGen\bin\Debug\Templates\Srilankan-Payroll\Host\Core.Web\ViewModel\BuildClasses.cst".
06/03/2017 5:33:56 PM System.Data.SqlClient.SqlException (0x80131904): A network-related or instance-specific error occurred while establishing a connection to SQL Server. The server was not found or was not accessible. Verify that the instance name is correct and that SQL Server is configured to allow remote connections. (provider: Named Pipes Provider, error: 40 - Could not open a connection to SQL Server) ---> System.ComponentModel.Win32Exception (0x80004005): The network path was not found
   at System.Data.SqlClient.SqlInternalConnectionTds..ctor(DbConnectionPoolIdentity identity, SqlConnectionString connectionOptions, SqlCredential credential, Object providerInfo, String newPassword, SecureString newSecurePassword, Boolean redirectedUserInstance, SqlConnectionString userConnectionOptions, SessionData reconnectSessionData, DbConnectionPool pool, String accessToken, Boolean applyTransientFaultHandling)
   at System.Data.SqlClient.SqlConnectionFactory.CreateConnection(DbConnectionOptions options, DbConnectionPoolKey poolKey, Object poolGroupProviderInfo, DbConnectionPool pool, DbConnection owningConnection, DbConnectionOptions userOptions)
   at System.Data.ProviderBase.DbConnectionFactory.CreatePooledConnection(DbConnectionPool pool, DbConnection owningObject, DbConnectionOptions options, DbConnectionPoolKey poolKey, DbConnectionOptions userOptions)
   at System.Data.ProviderBase.DbConnectionPool.CreateObject(DbConnection owningObject, DbConnectionOptions userOptions, DbConnectionInternal oldConnection)
   at System.Data.ProviderBase.DbConnectionPool.UserCreateRequest(DbConnection owningObject, DbConnectionOptions userOptions, DbConnectionInternal oldConnection)
   at System.Data.ProviderBase.DbConnectionPool.TryGetConnection(DbConnection owningObject, UInt32 waitForMultipleObjectsTimeout, Boolean allowCreate, Boolean onlyOneCheckConnection, DbConnectionOptions userOptions, DbConnectionInternal& connection)
   at System.Data.ProviderBase.DbConnectionPool.TryGetConnection(DbConnection owningObject, TaskCompletionSource`1 retry, DbConnectionOptions userOptions, DbConnectionInternal& connection)
   at System.Data.ProviderBase.DbConnectionFactory.TryGetConnection(DbConnection owningConnection, TaskCompletionSource`1 retry, DbConnectionOptions userOptions, DbConnectionInternal oldConnection, DbConnectionInternal& connection)
   at System.Data.ProviderBase.DbConnectionInternal.TryOpenConnectionInternal(DbConnection outerConnection, DbConnectionFactory connectionFactory, TaskCompletionSource`1 retry, DbConnectionOptions userOptions)
   at System.Data.ProviderBase.DbConnectionClosed.TryOpenConnection(DbConnection outerConnection, DbConnectionFactory connectionFactory, TaskCompletionSource`1 retry, DbConnectionOptions userOptions)
   at System.Data.SqlClient.SqlConnection.TryOpenInner(TaskCompletionSource`1 retry)
   at System.Data.SqlClient.SqlConnection.TryOpen(TaskCompletionSource`1 retry)
   at System.Data.SqlClient.SqlConnection.Open()
   at DatabaseCatalogReader.SqlTable.GetSqlTables() in d:\Yogeesha\Handy Tools\Code Generation\CodeYogi\DatabaseCatalogReader\Tables.cs:line 202
   at Arebis.DynamicAssembly.BuildClasses_cst.Generate() in d:\Yogeesha\Handy Tools\Code Generation\CodeYogi\CGen\bin\Debug\Templates\Srilankan-Payroll\Host\Core.Web\ViewModel\BuildClasses.cst:line 20
   at Arebis.CodeGenerator.Templated.TemplateInfo.Invoke(Object[] parameters) in d:\Yogeesha\Handy Tools\Code Generation\CodeYogi\Arebis.CodeGenerator\Templated\TemplateInfo.cs:line 80
ClientConnectionId:00000000-0000-0000-0000-000000000000
Error Number:53,State:0,Class:20
06/03/2017 5:37:41 PM Parsing template: "D:\Yogeesha\Handy Tools\Code Generation\CodeYogi\CGen\bin\Debug\Templates\Srilankan-Payroll\Host\Core.Web\ViewModel\BuildClasses.cst".
06/03/2017 5:37:41 PM Compiling template: "D:\Yogeesha\Handy Tools\Code Generation\CodeYogi\CGen\bin\Debug\Templates\Srilankan-Payroll\Host\Core.Web\ViewModel\BuildClasses.cst".
06/03/2017 5:37:41 PM Added reference "D:\Yogeesha\Handy Tools\Code Generation\CodeYogi\CGen\bin\Debug\Arebis.CodeGeneration.dll".
06/03/2017 5:37:41 PM Added reference "System.dll".
06/03/2017 5:37:41 PM Added reference "System.Data.dll".
06/03/2017 5:37:41 PM Added reference "D:\Yogeesha\Handy Tools\Code Generation\CodeYogi\CGen\bin\Debug\DatabaseCatalogReader.dll".
06/03/2017 5:37:41 PM Invoking template: "D:\Yogeesha\Handy Tools\Code Generation\CodeYogi\CGen\bin\Debug\Templates\Srilankan-Payroll\Host\Core.Web\ViewModel\BuildClasses.cst".
06/03/2017 5:38:43 PM Parsing template: "D:\Yogeesha\Handy Tools\Code Generation\CodeYogi\CGen\bin\Debug\Templates\Srilankan-Payroll\Host\Core.Web\ViewModel\Class.cst".
06/03/2017 5:38:43 PM Compiling template: "D:\Yogeesha\Handy Tools\Code Generation\CodeYogi\CGen\bin\Debug\Templates\Srilankan-Payroll\Host\Core.Web\ViewModel\Class.cst".
06/03/2017 5:38:43 PM Added reference "D:\Yogeesha\Handy Tools\Code Generation\CodeYogi\CGen\bin\Debug\Arebis.CodeGeneration.dll".
06/03/2017 5:38:43 PM Added reference "System.dll".
06/03/2017 5:38:43 PM Added reference "D:\Yogeesha\Handy Tools\Code Generation\CodeYogi\CGen\bin\Debug\DatabaseCatalogReader.dll".
06/03/2017 5:38:43 PM Added reference "System.core.dll".
06/03/2017 5:38:43 PM Invoking template: "D:\Yogeesha\Handy Tools\Code Generation\CodeYogi\CGen\bin\Debug\Templates\Srilankan-Payroll\Host\Core.Web\ViewModel\Class.cst".
06/03/2017 5:38:43 PM Writing file "D:\Yogeesha\Handy Tools\Code Generation\CodeYogi\CGen\bin\Debug\Templates\Srilankan-Payroll\Host\Core.Web\ViewModel\Output\UserViewModel.cs".
11/11/2017 1:11:40 PM Parsing template: "E:\Handy Tools\Code Generation\CodeYogi\CGen\bin\Debug\Templates\Srilankan-Payroll\Host\Core.Web\ViewModel\BuildClasses.cst".
11/11/2017 1:11:40 PM Compiling template: "E:\Handy Tools\Code Generation\CodeYogi\CGen\bin\Debug\Templates\Srilankan-Payroll\Host\Core.Web\ViewModel\BuildClasses.cst".
11/11/2017 1:11:40 PM Added reference "E:\Handy Tools\Code Generation\CodeYogi\CGen\bin\Debug\Arebis.CodeGeneration.dll".
11/11/2017 1:11:40 PM Added reference "System.dll".
11/11/2017 1:11:40 PM Added reference "System.Data.dll".
11/11/2017 1:11:40 PM Added reference "E:\Handy Tools\Code Generation\CodeYogi\CGen\bin\Debug\DatabaseCatalogReader.dll".
11/11/2017 1:11:41 PM Invoking template: "E:\Handy Tools\Code Generation\CodeYogi\CGen\bin\Debug\Templates\Srilankan-Payroll\Host\Core.Web\ViewModel\BuildClasses.cst".
